<?xml version="1.0" encoding="UTF-8"?>
<!-- Generated by org.testng.reporters.JUnitXMLReporter -->
<testsuite ignored="0" hostname="jemsnroy" failures="1" tests="24" name="Test" time="83.42" errors="0" timestamp="29 Dec. 2022 19:12:49 GMT">
  <testcase classname="com.qa.INTest.Tests.LoginSuccessTest" name="vldLoginSuccess" time="0.31"/>
  <testcase classname="com.qa.INTest.Tests.LoginFailureTest" name="vldLoginSuccess" time="0.274"/>
  <testcase classname="com.qa.INTest.Tests.ContextMenuTest" name="vldContextMenu" time="0.194"/>
  <testcase classname="com.qa.INTest.Tests.DragAndDropTest" name="vldDragAndDropTest" time="0.392"/>
  <testcase classname="com.qa.INTest.Tests.DropDownTest" name="vldDropDownTest" time="0.26"/>
  <testcase classname="com.qa.INTest.Tests.DynamicContentTest" name="vldDynamicContentTest" time="0.098"/>
  <testcase classname="com.qa.INTest.Tests.DynamicLoadTest" name="vldHelloWorldTest" time="5.248"/>
  <testcase classname="com.qa.INTest.Tests.FileDownloadTest" name="vldFileDownloadTest" time="5.207"/>
  <testcase classname="com.qa.INTest.Tests.FIleUploadTest" name="vldFileUploadTest" time="8.23"/>
  <testcase classname="com.qa.INTest.Tests.FloatingMenuTest" name="vldFileUploadTest" time="0.035"/>
  <testcase classname="com.qa.INTest.Tests.IFrameTest" name="vldtypeTextTest" time="10.053"/>
  <testcase classname="com.qa.INTest.Tests.JSErrorTest" name="vldJSError" time="0.064">
    <failure type="java.lang.IllegalArgumentException">
      <![CDATA[java.lang.IllegalArgumentException
	at java.base/java.util.Date.parse(Date.java:617)
	at java.base/java.util.Date.<init>(Date.java:275)
	at com.qa.INTest.Tests.JSErrorTest.extractJSLogsInfo(JSErrorTest.java:53)
	at com.qa.INTest.Tests.JSErrorTest.vldJSError(JSErrorTest.java:40)
... Removed 23 stack frames]]>
    </failure>
  </testcase> <!-- vldJSError -->
  <testcase classname="com.qa.INTest.Tests.OpenNewTabTest" name="vldOpenInNewTabTest" time="6.312"/>
  <testcase classname="com.qa.INTest.Tests.NotificationMessageTest" name="vldNotificationMessageTest" time="0.51"/>
  <testcase classname="com.qa.INTest.Tests.CheckboxesTest" name="vldCheckedboxes" time="0.052"/>
  <testcase classname="com.qa.INTest.Tests.DynamicContolsTest" name="vldClickRemoveTest" time="3.248"/>
  <testcase classname="com.qa.INTest.Tests.MouseHoverTest" name="vldFirstImageTest" time="0.151"/>
  <testcase classname="com.qa.INTest.Tests.JSAlertTest" name="vldJSAlertBtnTest" time="0.044"/>
  <testcase classname="com.qa.INTest.Tests.CheckboxesTest" name="vldUnCheckedboxes" time="10.054"/>
  <testcase classname="com.qa.INTest.Tests.DynamicContolsTest" name="vldClickEnableTest" time="6.321"/>
  <testcase classname="com.qa.INTest.Tests.MouseHoverTest" name="vldSecondImageTest" time="0.164"/>
  <testcase classname="com.qa.INTest.Tests.JSAlertTest" name="vldJSconfirmBtnTest" time="0.047"/>
  <testcase classname="com.qa.INTest.Tests.MouseHoverTest" name="vldThirdImageTest" time="0.162"/>
  <testcase classname="com.qa.INTest.Tests.JSAlertTest" name="vldJSPromptBtnTest" time="0.051"/>
</testsuite> <!-- Test -->
