<?xml version="1.0" encoding="UTF-8"?>
<!-- Generated by org.testng.reporters.JUnitXMLReporter -->
<testsuite ignored="0" hostname="jemsnroy" failures="0" tests="8" name="Command line test" time="38.488" errors="0" timestamp="29 Dec. 2022 00:21:06 GMT">
  <testcase classname="com.qa.INTest.Tests.ContextMenuTest" name="vldContextMenu" time="0.28"/>
  <testcase classname="com.qa.INTest.Tests.DragAndDropTest" name="vldDragAndDropTest" time="0.277"/>
  <testcase classname="com.qa.INTest.Tests.DropDownTest" name="vldDropDownTest" time="0.58"/>
  <testcase classname="com.qa.INTest.Tests.DynamicContentTest" name="vldDynamicContentTest" time="0.154"/>
  <testcase classname="com.qa.INTest.Tests.LoginFailureTest" name="vldLoginSuccess" time="0.215"/>
  <testcase classname="com.qa.INTest.Tests.LoginSuccessTest" name="vldLoginSuccess" time="0.182"/>
  <testcase classname="com.qa.INTest.Tests.CheckboxesTest" name="vldCheckedboxes" time="0.225"/>
  <testcase classname="com.qa.INTest.Tests.CheckboxesTest" name="vldUnCheckedboxes" time="10.235"/>
</testsuite> <!-- Command line test -->
