<?xml version="1.0" encoding="UTF-8" ?>
<testsuite tests="8" failures="0" name="TestSuite" time="12.15" errors="0" skipped="0">
  <properties>
[...]
</properties>
  <testcase classname="com.qa.INTest.Tests.ContextMenuTest" name="vldContextMenu" time="0.281"/>
  <testcase classname="com.qa.INTest.Tests.DragAndDropTest" name="vldDragAndDropTest" time="0.276"/>
  <testcase classname="com.qa.INTest.Tests.DropDownTest" name="vldDropDownTest" time="0.58"/>
  <testcase classname="com.qa.INTest.Tests.DynamicContentTest" name="vldDynamicContentTest" time="0.153"/>
  <testcase classname="com.qa.INTest.Tests.LoginFailureTest" name="vldLoginSuccess" time="0.216"/>
  <testcase classname="com.qa.INTest.Tests.LoginSuccessTest" name="vldLoginSuccess" time="0.182"/>
  <testcase classname="com.qa.INTest.Tests.CheckboxesTest" name="vldCheckedboxes" time="0.226"/>
  <testcase classname="com.qa.INTest.Tests.CheckboxesTest" name="vldUnCheckedboxes" time="10.236"/>
</testsuite>