<?xml version="1.0" encoding="UTF-8"?>
<testng-results ignored="0" total="24" passed="23" failed="1" skipped="0">
  <reporter-output>
  </reporter-output>
  <suite started-at="2022-12-29T19:11:26Z" name="Suite" finished-at="2022-12-29T19:12:49Z" duration-ms="83420">
    <groups>
    </groups>
    <test started-at="2022-12-29T19:11:26Z" name="Test" finished-at="2022-12-29T19:12:49Z" duration-ms="83420">
      <class name="com.qa.INTest.Tests.NotificationMessageTest">
        <test-method is-config="true" signature="setup()[pri:0, instance:com.qa.INTest.Tests.NotificationMessageTest@5e2c3d18]" started-at="2022-12-29T14:12:17Z" name="setup" finished-at="2022-12-29T14:12:17Z" duration-ms="621" status="PASS">
          <reporter-output>
          </reporter-output>
        </test-method> <!-- setup -->
        <test-method signature="vldNotificationMessageTest()[pri:0, instance:com.qa.INTest.Tests.NotificationMessageTest@5e2c3d18]" started-at="2022-12-29T14:12:17Z" name="vldNotificationMessageTest" finished-at="2022-12-29T14:12:18Z" duration-ms="510" status="PASS">
          <reporter-output>
          </reporter-output>
        </test-method> <!-- vldNotificationMessageTest -->
        <test-method is-config="true" signature="tearDown()[pri:0, instance:com.qa.INTest.Tests.NotificationMessageTest@5e2c3d18]" started-at="2022-12-29T14:12:18Z" name="tearDown" finished-at="2022-12-29T14:12:18Z" duration-ms="103" status="PASS">
          <reporter-output>
          </reporter-output>
        </test-method> <!-- tearDown -->
      </class> <!-- com.qa.INTest.Tests.NotificationMessageTest -->
      <class name="com.qa.INTest.Tests.DynamicLoadTest">
        <test-method is-config="true" signature="setup()[pri:0, instance:com.qa.INTest.Tests.DynamicLoadTest@5afa3c9]" started-at="2022-12-29T14:11:34Z" name="setup" finished-at="2022-12-29T14:11:35Z" duration-ms="786" status="PASS">
          <reporter-output>
          </reporter-output>
        </test-method> <!-- setup -->
        <test-method signature="vldHelloWorldTest()[pri:0, instance:com.qa.INTest.Tests.DynamicLoadTest@5afa3c9]" started-at="2022-12-29T14:11:35Z" name="vldHelloWorldTest" finished-at="2022-12-29T14:11:40Z" duration-ms="5248" status="PASS">
          <reporter-output>
          </reporter-output>
        </test-method> <!-- vldHelloWorldTest -->
        <test-method is-config="true" signature="tearDown()[pri:0, instance:com.qa.INTest.Tests.DynamicLoadTest@5afa3c9]" started-at="2022-12-29T14:11:40Z" name="tearDown" finished-at="2022-12-29T14:11:40Z" duration-ms="121" status="PASS">
          <reporter-output>
          </reporter-output>
        </test-method> <!-- tearDown -->
      </class> <!-- com.qa.INTest.Tests.DynamicLoadTest -->
      <class name="com.qa.INTest.Tests.IFrameTest">
        <test-method is-config="true" signature="setup()[pri:0, instance:com.qa.INTest.Tests.IFrameTest@606e4010]" started-at="2022-12-29T14:11:57Z" name="setup" finished-at="2022-12-29T14:11:59Z" duration-ms="1967" status="PASS">
          <reporter-output>
          </reporter-output>
        </test-method> <!-- setup -->
        <test-method signature="vldtypeTextTest()[pri:0, instance:com.qa.INTest.Tests.IFrameTest@606e4010]" started-at="2022-12-29T14:11:59Z" name="vldtypeTextTest" finished-at="2022-12-29T14:12:09Z" duration-ms="10053" status="PASS">
          <reporter-output>
          </reporter-output>
        </test-method> <!-- vldtypeTextTest -->
        <test-method is-config="true" signature="tearDown()[pri:0, instance:com.qa.INTest.Tests.IFrameTest@606e4010]" started-at="2022-12-29T14:12:09Z" name="tearDown" finished-at="2022-12-29T14:12:09Z" duration-ms="129" status="PASS">
          <reporter-output>
          </reporter-output>
        </test-method> <!-- tearDown -->
      </class> <!-- com.qa.INTest.Tests.IFrameTest -->
      <class name="com.qa.INTest.Tests.DragAndDropTest">
        <test-method is-config="true" signature="setup()[pri:0, instance:com.qa.INTest.Tests.DragAndDropTest@3ba987b8]" started-at="2022-12-29T14:11:30Z" name="setup" finished-at="2022-12-29T14:11:31Z" duration-ms="981" status="PASS">
          <reporter-output>
          </reporter-output>
        </test-method> <!-- setup -->
        <test-method signature="vldDragAndDropTest()[pri:0, instance:com.qa.INTest.Tests.DragAndDropTest@3ba987b8]" started-at="2022-12-29T14:11:31Z" name="vldDragAndDropTest" finished-at="2022-12-29T14:11:31Z" duration-ms="392" status="PASS">
          <reporter-output>
          </reporter-output>
        </test-method> <!-- vldDragAndDropTest -->
        <test-method is-config="true" signature="tearDown()[pri:0, instance:com.qa.INTest.Tests.DragAndDropTest@3ba987b8]" started-at="2022-12-29T14:11:31Z" name="tearDown" finished-at="2022-12-29T14:11:32Z" duration-ms="131" status="PASS">
          <reporter-output>
          </reporter-output>
        </test-method> <!-- tearDown -->
      </class> <!-- com.qa.INTest.Tests.DragAndDropTest -->
      <class name="com.qa.INTest.Tests.DynamicContentTest">
        <test-method is-config="true" signature="setup()[pri:0, instance:com.qa.INTest.Tests.DynamicContentTest@5f049ea1]" started-at="2022-12-29T14:11:33Z" name="setup" finished-at="2022-12-29T14:11:34Z" duration-ms="1007" status="PASS">
          <reporter-output>
          </reporter-output>
        </test-method> <!-- setup -->
        <test-method signature="vldDynamicContentTest()[pri:0, instance:com.qa.INTest.Tests.DynamicContentTest@5f049ea1]" started-at="2022-12-29T14:11:34Z" name="vldDynamicContentTest" finished-at="2022-12-29T14:11:34Z" duration-ms="98" status="PASS">
          <reporter-output>
          </reporter-output>
        </test-method> <!-- vldDynamicContentTest -->
        <test-method is-config="true" signature="tearDown()[pri:0, instance:com.qa.INTest.Tests.DynamicContentTest@5f049ea1]" started-at="2022-12-29T14:11:34Z" name="tearDown" finished-at="2022-12-29T14:11:34Z" duration-ms="115" status="PASS">
          <reporter-output>
          </reporter-output>
        </test-method> <!-- tearDown -->
      </class> <!-- com.qa.INTest.Tests.DynamicContentTest -->
      <class name="com.qa.INTest.Tests.ContextMenuTest">
        <test-method is-config="true" signature="setup()[pri:0, instance:com.qa.INTest.Tests.ContextMenuTest@2d901eb0]" started-at="2022-12-29T14:11:29Z" name="setup" finished-at="2022-12-29T14:11:30Z" duration-ms="1008" status="PASS">
          <reporter-output>
          </reporter-output>
        </test-method> <!-- setup -->
        <test-method signature="vldContextMenu()[pri:0, instance:com.qa.INTest.Tests.ContextMenuTest@2d901eb0]" started-at="2022-12-29T14:11:30Z" name="vldContextMenu" finished-at="2022-12-29T14:11:30Z" duration-ms="194" status="PASS">
          <reporter-output>
          </reporter-output>
        </test-method> <!-- vldContextMenu -->
        <test-method is-config="true" signature="tearDown()[pri:0, instance:com.qa.INTest.Tests.ContextMenuTest@2d901eb0]" started-at="2022-12-29T14:11:30Z" name="tearDown" finished-at="2022-12-29T14:11:30Z" duration-ms="115" status="PASS">
          <reporter-output>
          </reporter-output>
        </test-method> <!-- tearDown -->
      </class> <!-- com.qa.INTest.Tests.ContextMenuTest -->
      <class name="com.qa.INTest.Tests.DynamicContolsTest">
        <test-method is-config="true" signature="setup()[pri:0, instance:com.qa.INTest.Tests.DynamicContolsTest@72cc7e6f]" started-at="2022-12-29T14:12:19Z" name="setup" finished-at="2022-12-29T14:12:20Z" duration-ms="835" status="PASS">
          <reporter-output>
          </reporter-output>
        </test-method> <!-- setup -->
        <test-method signature="vldClickRemoveTest()[pri:1, instance:com.qa.INTest.Tests.DynamicContolsTest@72cc7e6f]" started-at="2022-12-29T14:12:20Z" name="vldClickRemoveTest" finished-at="2022-12-29T14:12:23Z" duration-ms="3248" status="PASS">
          <reporter-output>
          </reporter-output>
        </test-method> <!-- vldClickRemoveTest -->
        <test-method is-config="true" signature="tearDown()[pri:0, instance:com.qa.INTest.Tests.DynamicContolsTest@72cc7e6f]" started-at="2022-12-29T14:12:23Z" name="tearDown" finished-at="2022-12-29T14:12:23Z" duration-ms="107" status="PASS">
          <reporter-output>
          </reporter-output>
        </test-method> <!-- tearDown -->
        <test-method is-config="true" signature="setup()[pri:0, instance:com.qa.INTest.Tests.DynamicContolsTest@72cc7e6f]" started-at="2022-12-29T14:12:37Z" name="setup" finished-at="2022-12-29T14:12:38Z" duration-ms="838" status="PASS">
          <reporter-output>
          </reporter-output>
        </test-method> <!-- setup -->
        <test-method signature="vldClickEnableTest()[pri:2, instance:com.qa.INTest.Tests.DynamicContolsTest@72cc7e6f]" started-at="2022-12-29T14:12:38Z" name="vldClickEnableTest" finished-at="2022-12-29T14:12:44Z" duration-ms="6321" status="PASS">
          <reporter-output>
          </reporter-output>
        </test-method> <!-- vldClickEnableTest -->
        <test-method is-config="true" signature="tearDown()[pri:0, instance:com.qa.INTest.Tests.DynamicContolsTest@72cc7e6f]" started-at="2022-12-29T14:12:44Z" name="tearDown" finished-at="2022-12-29T14:12:44Z" duration-ms="122" status="PASS">
          <reporter-output>
          </reporter-output>
        </test-method> <!-- tearDown -->
      </class> <!-- com.qa.INTest.Tests.DynamicContolsTest -->
      <class name="com.qa.INTest.Tests.FIleUploadTest">
        <test-method is-config="true" signature="setup()[pri:0, instance:com.qa.INTest.Tests.FIleUploadTest@909217e]" started-at="2022-12-29T14:11:46Z" name="setup" finished-at="2022-12-29T14:11:47Z" duration-ms="1008" status="PASS">
          <reporter-output>
          </reporter-output>
        </test-method> <!-- setup -->
        <test-method signature="vldFileUploadTest()[pri:0, instance:com.qa.INTest.Tests.FIleUploadTest@909217e]" started-at="2022-12-29T14:11:47Z" name="vldFileUploadTest" finished-at="2022-12-29T14:11:55Z" duration-ms="8230" status="PASS">
          <reporter-output>
          </reporter-output>
        </test-method> <!-- vldFileUploadTest -->
        <test-method is-config="true" signature="tearDown()[pri:0, instance:com.qa.INTest.Tests.FIleUploadTest@909217e]" started-at="2022-12-29T14:11:55Z" name="tearDown" finished-at="2022-12-29T14:11:56Z" duration-ms="115" status="PASS">
          <reporter-output>
          </reporter-output>
        </test-method> <!-- tearDown -->
      </class> <!-- com.qa.INTest.Tests.FIleUploadTest -->
      <class name="com.qa.INTest.Tests.JSErrorTest">
        <test-method is-config="true" signature="setup()[pri:0, instance:com.qa.INTest.Tests.JSErrorTest@68c9133c]" started-at="2022-12-29T14:12:09Z" name="setup" finished-at="2022-12-29T14:12:09Z" duration-ms="595" status="PASS">
          <reporter-output>
          </reporter-output>
        </test-method> <!-- setup -->
        <test-method signature="vldJSError()[pri:0, instance:com.qa.INTest.Tests.JSErrorTest@68c9133c]" started-at="2022-12-29T14:12:09Z" name="vldJSError" finished-at="2022-12-29T14:12:10Z" duration-ms="64" status="FAIL">
          <exception class="java.lang.IllegalArgumentException">
            <full-stacktrace>
              <![CDATA[java.lang.IllegalArgumentException
	at java.base/java.util.Date.parse(Date.java:617)
	at java.base/java.util.Date.<init>(Date.java:275)
	at com.qa.INTest.Tests.JSErrorTest.extractJSLogsInfo(JSErrorTest.java:53)
	at com.qa.INTest.Tests.JSErrorTest.vldJSError(JSErrorTest.java:40)
	at java.base/jdk.internal.reflect.DirectMethodHandleAccessor.invoke(DirectMethodHandleAccessor.java:104)
	at java.base/java.lang.reflect.Method.invoke(Method.java:577)
	at org.testng.internal.MethodInvocationHelper.invokeMethod(MethodInvocationHelper.java:108)
	at org.testng.internal.Invoker.invokeMethod(Invoker.java:661)
	at org.testng.internal.Invoker.invokeTestMethod(Invoker.java:869)
	at org.testng.internal.Invoker.invokeTestMethods(Invoker.java:1193)
	at org.testng.internal.TestMethodWorker.invokeTestMethods(TestMethodWorker.java:126)
	at org.testng.internal.TestMethodWorker.run(TestMethodWorker.java:109)
	at org.testng.TestRunner.privateRun(TestRunner.java:744)
	at org.testng.TestRunner.run(TestRunner.java:602)
	at org.testng.SuiteRunner.runTest(SuiteRunner.java:380)
	at org.testng.SuiteRunner.runSequentially(SuiteRunner.java:375)
	at org.testng.SuiteRunner.privateRun(SuiteRunner.java:340)
	at org.testng.SuiteRunner.run(SuiteRunner.java:289)
	at org.testng.SuiteRunnerWorker.runSuite(SuiteRunnerWorker.java:52)
	at org.testng.SuiteRunnerWorker.run(SuiteRunnerWorker.java:86)
	at org.testng.TestNG.runSuitesSequentially(TestNG.java:1301)
	at org.testng.TestNG.runSuitesLocally(TestNG.java:1226)
	at org.testng.TestNG.runSuites(TestNG.java:1144)
	at org.testng.TestNG.run(TestNG.java:1115)
	at org.testng.remote.AbstractRemoteTestNG.run(AbstractRemoteTestNG.java:115)
	at org.testng.remote.RemoteTestNG.initAndRun(RemoteTestNG.java:251)
	at org.testng.remote.RemoteTestNG.main(RemoteTestNG.java:77)
]]>
            </full-stacktrace>
          </exception> <!-- java.lang.IllegalArgumentException -->
          <reporter-output>
          </reporter-output>
        </test-method> <!-- vldJSError -->
        <test-method is-config="true" signature="tearDown()[pri:0, instance:com.qa.INTest.Tests.JSErrorTest@68c9133c]" started-at="2022-12-29T14:12:10Z" name="tearDown" finished-at="2022-12-29T14:12:10Z" duration-ms="92" status="PASS">
          <reporter-output>
          </reporter-output>
        </test-method> <!-- tearDown -->
      </class> <!-- com.qa.INTest.Tests.JSErrorTest -->
      <class name="com.qa.INTest.Tests.JSAlertTest">
        <test-method is-config="true" signature="setup()[pri:0, instance:com.qa.INTest.Tests.JSAlertTest@48075da3]" started-at="2022-12-29T14:12:25Z" name="setup" finished-at="2022-12-29T14:12:26Z" duration-ms="1000" status="PASS">
          <reporter-output>
          </reporter-output>
        </test-method> <!-- setup -->
        <test-method signature="vldJSAlertBtnTest()[pri:1, instance:com.qa.INTest.Tests.JSAlertTest@48075da3]" started-at="2022-12-29T14:12:26Z" name="vldJSAlertBtnTest" finished-at="2022-12-29T14:12:26Z" duration-ms="44" status="PASS">
          <reporter-output>
          </reporter-output>
        </test-method> <!-- vldJSAlertBtnTest -->
        <test-method is-config="true" signature="tearDown()[pri:0, instance:com.qa.INTest.Tests.JSAlertTest@48075da3]" started-at="2022-12-29T14:12:26Z" name="tearDown" finished-at="2022-12-29T14:12:26Z" duration-ms="104" status="PASS">
          <reporter-output>
          </reporter-output>
        </test-method> <!-- tearDown -->
        <test-method is-config="true" signature="setup()[pri:0, instance:com.qa.INTest.Tests.JSAlertTest@48075da3]" started-at="2022-12-29T14:12:45Z" name="setup" finished-at="2022-12-29T14:12:46Z" duration-ms="985" status="PASS">
          <reporter-output>
          </reporter-output>
        </test-method> <!-- setup -->
        <test-method signature="vldJSconfirmBtnTest()[pri:2, instance:com.qa.INTest.Tests.JSAlertTest@48075da3]" started-at="2022-12-29T14:12:46Z" name="vldJSconfirmBtnTest" finished-at="2022-12-29T14:12:46Z" duration-ms="47" status="PASS">
          <reporter-output>
          </reporter-output>
        </test-method> <!-- vldJSconfirmBtnTest -->
        <test-method is-config="true" signature="tearDown()[pri:0, instance:com.qa.INTest.Tests.JSAlertTest@48075da3]" started-at="2022-12-29T14:12:46Z" name="tearDown" finished-at="2022-12-29T14:12:47Z" duration-ms="138" status="PASS">
          <reporter-output>
          </reporter-output>
        </test-method> <!-- tearDown -->
        <test-method is-config="true" signature="setup()[pri:0, instance:com.qa.INTest.Tests.JSAlertTest@48075da3]" started-at="2022-12-29T14:12:48Z" name="setup" finished-at="2022-12-29T14:12:49Z" duration-ms="1018" status="PASS">
          <reporter-output>
          </reporter-output>
        </test-method> <!-- setup -->
        <test-method signature="vldJSPromptBtnTest()[pri:3, instance:com.qa.INTest.Tests.JSAlertTest@48075da3]" started-at="2022-12-29T14:12:49Z" name="vldJSPromptBtnTest" finished-at="2022-12-29T14:12:49Z" duration-ms="51" status="PASS">
          <reporter-output>
          </reporter-output>
        </test-method> <!-- vldJSPromptBtnTest -->
        <test-method is-config="true" signature="tearDown()[pri:0, instance:com.qa.INTest.Tests.JSAlertTest@48075da3]" started-at="2022-12-29T14:12:49Z" name="tearDown" finished-at="2022-12-29T14:12:49Z" duration-ms="113" status="PASS">
          <reporter-output>
          </reporter-output>
        </test-method> <!-- tearDown -->
      </class> <!-- com.qa.INTest.Tests.JSAlertTest -->
      <class name="com.qa.INTest.Tests.CheckboxesTest">
        <test-method is-config="true" signature="setup()[pri:0, instance:com.qa.INTest.Tests.CheckboxesTest@35dab4eb]" started-at="2022-12-29T14:12:18Z" name="setup" finished-at="2022-12-29T14:12:19Z" duration-ms="978" status="PASS">
          <reporter-output>
          </reporter-output>
        </test-method> <!-- setup -->
        <test-method signature="vldCheckedboxes()[pri:1, instance:com.qa.INTest.Tests.CheckboxesTest@35dab4eb]" started-at="2022-12-29T14:12:19Z" name="vldCheckedboxes" finished-at="2022-12-29T14:12:19Z" duration-ms="52" status="PASS">
          <reporter-output>
          </reporter-output>
        </test-method> <!-- vldCheckedboxes -->
        <test-method is-config="true" signature="tearDown()[pri:0, instance:com.qa.INTest.Tests.CheckboxesTest@35dab4eb]" started-at="2022-12-29T14:12:19Z" name="tearDown" finished-at="2022-12-29T14:12:19Z" duration-ms="118" status="PASS">
          <reporter-output>
          </reporter-output>
        </test-method> <!-- tearDown -->
        <test-method is-config="true" signature="setup()[pri:0, instance:com.qa.INTest.Tests.CheckboxesTest@35dab4eb]" started-at="2022-12-29T14:12:26Z" name="setup" finished-at="2022-12-29T14:12:27Z" duration-ms="1015" status="PASS">
          <reporter-output>
          </reporter-output>
        </test-method> <!-- setup -->
        <test-method signature="vldUnCheckedboxes()[pri:2, instance:com.qa.INTest.Tests.CheckboxesTest@35dab4eb]" started-at="2022-12-29T14:12:27Z" name="vldUnCheckedboxes" finished-at="2022-12-29T14:12:37Z" duration-ms="10054" status="PASS">
          <reporter-output>
          </reporter-output>
        </test-method> <!-- vldUnCheckedboxes -->
        <test-method is-config="true" signature="tearDown()[pri:0, instance:com.qa.INTest.Tests.CheckboxesTest@35dab4eb]" started-at="2022-12-29T14:12:37Z" name="tearDown" finished-at="2022-12-29T14:12:37Z" duration-ms="104" status="PASS">
          <reporter-output>
          </reporter-output>
        </test-method> <!-- tearDown -->
      </class> <!-- com.qa.INTest.Tests.CheckboxesTest -->
      <class name="com.qa.INTest.Tests.LoginFailureTest">
        <test-method is-config="true" signature="setup()[pri:0, instance:com.qa.INTest.Tests.LoginFailureTest@8519cb4]" started-at="2022-12-29T14:11:27Z" name="setup" finished-at="2022-12-29T14:11:28Z" duration-ms="1013" status="PASS">
          <reporter-output>
          </reporter-output>
        </test-method> <!-- setup -->
        <test-method signature="vldLoginSuccess()[pri:0, instance:com.qa.INTest.Tests.LoginFailureTest@8519cb4]" started-at="2022-12-29T14:11:28Z" name="vldLoginSuccess" finished-at="2022-12-29T14:11:29Z" duration-ms="274" status="PASS">
          <reporter-output>
          </reporter-output>
        </test-method> <!-- vldLoginSuccess -->
        <test-method is-config="true" signature="tearDown()[pri:0, instance:com.qa.INTest.Tests.LoginFailureTest@8519cb4]" started-at="2022-12-29T14:11:29Z" name="tearDown" finished-at="2022-12-29T14:11:29Z" duration-ms="111" status="PASS">
          <reporter-output>
          </reporter-output>
        </test-method> <!-- tearDown -->
      </class> <!-- com.qa.INTest.Tests.LoginFailureTest -->
      <class name="com.qa.INTest.Tests.FileDownloadTest">
        <test-method is-config="true" signature="setup()[pri:0, instance:com.qa.INTest.Tests.FileDownloadTest@72035809]" started-at="2022-12-29T14:11:40Z" name="setup" finished-at="2022-12-29T14:11:41Z" duration-ms="600" status="PASS">
          <reporter-output>
          </reporter-output>
        </test-method> <!-- setup -->
        <test-method signature="vldFileDownloadTest()[pri:0, instance:com.qa.INTest.Tests.FileDownloadTest@72035809]" started-at="2022-12-29T14:11:41Z" name="vldFileDownloadTest" finished-at="2022-12-29T14:11:46Z" duration-ms="5207" status="PASS">
          <reporter-output>
          </reporter-output>
        </test-method> <!-- vldFileDownloadTest -->
        <test-method is-config="true" signature="tearDown()[pri:0, instance:com.qa.INTest.Tests.FileDownloadTest@72035809]" started-at="2022-12-29T14:11:46Z" name="tearDown" finished-at="2022-12-29T14:11:46Z" duration-ms="112" status="PASS">
          <reporter-output>
          </reporter-output>
        </test-method> <!-- tearDown -->
      </class> <!-- com.qa.INTest.Tests.FileDownloadTest -->
      <class name="com.qa.INTest.Tests.DropDownTest">
        <test-method is-config="true" signature="setup()[pri:0, instance:com.qa.INTest.Tests.DropDownTest@3f191845]" started-at="2022-12-29T14:11:32Z" name="setup" finished-at="2022-12-29T14:11:33Z" duration-ms="997" status="PASS">
          <reporter-output>
          </reporter-output>
        </test-method> <!-- setup -->
        <test-method signature="vldDropDownTest()[pri:0, instance:com.qa.INTest.Tests.DropDownTest@3f191845]" started-at="2022-12-29T14:11:33Z" name="vldDropDownTest" finished-at="2022-12-29T14:11:33Z" duration-ms="260" status="PASS">
          <reporter-output>
          </reporter-output>
        </test-method> <!-- vldDropDownTest -->
        <test-method is-config="true" signature="tearDown()[pri:0, instance:com.qa.INTest.Tests.DropDownTest@3f191845]" started-at="2022-12-29T14:11:33Z" name="tearDown" finished-at="2022-12-29T14:11:33Z" duration-ms="112" status="PASS">
          <reporter-output>
          </reporter-output>
        </test-method> <!-- tearDown -->
      </class> <!-- com.qa.INTest.Tests.DropDownTest -->
      <class name="com.qa.INTest.Tests.OpenNewTabTest">
        <test-method is-config="true" signature="setup()[pri:0, instance:com.qa.INTest.Tests.OpenNewTabTest@7a35b0f5]" started-at="2022-12-29T14:12:10Z" name="setup" finished-at="2022-12-29T14:12:10Z" duration-ms="597" status="PASS">
          <reporter-output>
          </reporter-output>
        </test-method> <!-- setup -->
        <test-method signature="vldOpenInNewTabTest()[pri:0, instance:com.qa.INTest.Tests.OpenNewTabTest@7a35b0f5]" started-at="2022-12-29T14:12:10Z" name="vldOpenInNewTabTest" finished-at="2022-12-29T14:12:17Z" duration-ms="6312" status="PASS">
          <reporter-output>
          </reporter-output>
        </test-method> <!-- vldOpenInNewTabTest -->
        <test-method is-config="true" signature="tearDown()[pri:0, instance:com.qa.INTest.Tests.OpenNewTabTest@7a35b0f5]" started-at="2022-12-29T14:12:17Z" name="tearDown" finished-at="2022-12-29T14:12:17Z" duration-ms="119" status="PASS">
          <reporter-output>
          </reporter-output>
        </test-method> <!-- tearDown -->
      </class> <!-- com.qa.INTest.Tests.OpenNewTabTest -->
      <class name="com.qa.INTest.Tests.FloatingMenuTest">
        <test-method is-config="true" signature="setup()[pri:0, instance:com.qa.INTest.Tests.FloatingMenuTest@18271936]" started-at="2022-12-29T14:11:56Z" name="setup" finished-at="2022-12-29T14:11:57Z" duration-ms="1020" status="PASS">
          <reporter-output>
          </reporter-output>
        </test-method> <!-- setup -->
        <test-method signature="vldFileUploadTest()[pri:0, instance:com.qa.INTest.Tests.FloatingMenuTest@18271936]" started-at="2022-12-29T14:11:57Z" name="vldFileUploadTest" finished-at="2022-12-29T14:11:57Z" duration-ms="35" status="PASS">
          <reporter-output>
          </reporter-output>
        </test-method> <!-- vldFileUploadTest -->
        <test-method is-config="true" signature="tearDown()[pri:0, instance:com.qa.INTest.Tests.FloatingMenuTest@18271936]" started-at="2022-12-29T14:11:57Z" name="tearDown" finished-at="2022-12-29T14:11:57Z" duration-ms="114" status="PASS">
          <reporter-output>
          </reporter-output>
        </test-method> <!-- tearDown -->
      </class> <!-- com.qa.INTest.Tests.FloatingMenuTest -->
      <class name="com.qa.INTest.Tests.MouseHoverTest">
        <test-method is-config="true" signature="setup()[pri:0, instance:com.qa.INTest.Tests.MouseHoverTest@8458f04]" started-at="2022-12-29T14:12:23Z" name="setup" finished-at="2022-12-29T14:12:24Z" duration-ms="1034" status="PASS">
          <reporter-output>
          </reporter-output>
        </test-method> <!-- setup -->
        <test-method signature="vldFirstImageTest()[pri:1, instance:com.qa.INTest.Tests.MouseHoverTest@8458f04]" started-at="2022-12-29T14:12:24Z" name="vldFirstImageTest" finished-at="2022-12-29T14:12:24Z" duration-ms="151" status="PASS">
          <reporter-output>
          </reporter-output>
        </test-method> <!-- vldFirstImageTest -->
        <test-method is-config="true" signature="tearDown()[pri:0, instance:com.qa.INTest.Tests.MouseHoverTest@8458f04]" started-at="2022-12-29T14:12:24Z" name="tearDown" finished-at="2022-12-29T14:12:25Z" duration-ms="120" status="PASS">
          <reporter-output>
          </reporter-output>
        </test-method> <!-- tearDown -->
        <test-method is-config="true" signature="setup()[pri:0, instance:com.qa.INTest.Tests.MouseHoverTest@8458f04]" started-at="2022-12-29T14:12:44Z" name="setup" finished-at="2022-12-29T14:12:45Z" duration-ms="988" status="PASS">
          <reporter-output>
          </reporter-output>
        </test-method> <!-- setup -->
        <test-method signature="vldSecondImageTest()[pri:2, instance:com.qa.INTest.Tests.MouseHoverTest@8458f04]" started-at="2022-12-29T14:12:45Z" name="vldSecondImageTest" finished-at="2022-12-29T14:12:45Z" duration-ms="164" status="PASS">
          <reporter-output>
          </reporter-output>
        </test-method> <!-- vldSecondImageTest -->
        <test-method is-config="true" signature="tearDown()[pri:0, instance:com.qa.INTest.Tests.MouseHoverTest@8458f04]" started-at="2022-12-29T14:12:45Z" name="tearDown" finished-at="2022-12-29T14:12:45Z" duration-ms="104" status="PASS">
          <reporter-output>
          </reporter-output>
        </test-method> <!-- tearDown -->
        <test-method is-config="true" signature="setup()[pri:0, instance:com.qa.INTest.Tests.MouseHoverTest@8458f04]" started-at="2022-12-29T14:12:47Z" name="setup" finished-at="2022-12-29T14:12:48Z" duration-ms="975" status="PASS">
          <reporter-output>
          </reporter-output>
        </test-method> <!-- setup -->
        <test-method signature="vldThirdImageTest()[pri:3, instance:com.qa.INTest.Tests.MouseHoverTest@8458f04]" started-at="2022-12-29T14:12:48Z" name="vldThirdImageTest" finished-at="2022-12-29T14:12:48Z" duration-ms="162" status="PASS">
          <reporter-output>
          </reporter-output>
        </test-method> <!-- vldThirdImageTest -->
        <test-method is-config="true" signature="tearDown()[pri:0, instance:com.qa.INTest.Tests.MouseHoverTest@8458f04]" started-at="2022-12-29T14:12:48Z" name="tearDown" finished-at="2022-12-29T14:12:48Z" duration-ms="105" status="PASS">
          <reporter-output>
          </reporter-output>
        </test-method> <!-- tearDown -->
      </class> <!-- com.qa.INTest.Tests.MouseHoverTest -->
      <class name="com.qa.INTest.Tests.LoginSuccessTest">
        <test-method is-config="true" signature="setup()[pri:0, instance:com.qa.INTest.Tests.LoginSuccessTest@d737b89]" started-at="2022-12-29T14:11:26Z" name="setup" finished-at="2022-12-29T14:11:27Z" duration-ms="1295" status="PASS">
          <reporter-output>
          </reporter-output>
        </test-method> <!-- setup -->
        <test-method signature="vldLoginSuccess()[pri:0, instance:com.qa.INTest.Tests.LoginSuccessTest@d737b89]" started-at="2022-12-29T14:11:27Z" name="vldLoginSuccess" finished-at="2022-12-29T14:11:27Z" duration-ms="310" status="PASS">
          <reporter-output>
          </reporter-output>
        </test-method> <!-- vldLoginSuccess -->
        <test-method is-config="true" signature="tearDown()[pri:0, instance:com.qa.INTest.Tests.LoginSuccessTest@d737b89]" started-at="2022-12-29T14:11:27Z" name="tearDown" finished-at="2022-12-29T14:11:27Z" duration-ms="109" status="PASS">
          <reporter-output>
          </reporter-output>
        </test-method> <!-- tearDown -->
      </class> <!-- com.qa.INTest.Tests.LoginSuccessTest -->
    </test> <!-- Test -->
  </suite> <!-- Suite -->
</testng-results>
